<?xml version="1.0" encoding="UTF-8"?>
<testsuite name="FarmTest" tests="4" skipped="0" failures="0" errors="0" timestamp="2020-04-25T15:19:24" hostname="kellys-MacBook-Pro.local" time="0.117">
  <properties/>
  <testcase name="strategyTest" classname="FarmTest" time="0.023"/>
  <testcase name="testMain" classname="FarmTest" time="0.014"/>
  <testcase name="observerTest" classname="FarmTest" time="0.079"/>
  <testcase name="factoryTest" classname="FarmTest" time="0.0"/>
  <system-out><![CDATA[This is an Animal Farm
Currency is currently $318
This farms current level is 1
An upgrade currently cost $1200
There are currently 5 farmers
The maximum farmer capacity is 10
The herd skill level of this farm is 2
The money skill level of this farm is 1
This farm has existed for 0 days

This is a Hybrid Barn, it has crops and animals
Horse:2 cow:2 pig:2 chicken:2 dog:2
Are there animal predators? false
This is a Hybrid Barn, it has crops and animals
Horse:166 cow:81 pig:148 chicken:139 dog:170
Are there animal predators? false
This is a Crop Barn, it has crops
acres of corn:25 tobacco:30 potato:41
Are there crop predators? false
This is a Hybrid Barn, it has crops and animals
Horse:220 cow:261 pig:255 chicken:296 dog:244
acres of corn:518 tobacco:522 potato:508
Are there crop predators? false
Are there animal predators? false
main
This is an Crop Farm
Currency is currently $270
This farms current level is 1
An upgrade currently cost $1200
There are currently 2 farmers
The maximum farmer capacity is 10
The crop skill level of this farm is 2
The money skill level of this farm is 1
This farm has existed for 0 days

This is a Crop Barn, it has crops
acres of corn:2 tobacco:2 potato:2
Are there crop predators? false
Would you like to tick another day/night? If yes, enter 'Y', else enter 'N'

 Farm 0
This is an Animal Farm
Currency is currently $195
This farms current level is 1
An upgrade currently cost $1200
There are currently 7 farmers
The maximum farmer capacity is 10
The herd skill level of this farm is 3
The money skill level of this farm is 2
This farm has existed for 0 days

This is a Hybrid Barn, it has crops and animals
Horse:2 cow:2 pig:2 chicken:2 dog:2
Are there animal predators? false

 Farm 1
This is a Hybrid Farm
Currency is currently $48
This farms current level is 1
An upgrade currently cost $1200
There are currently 6 farmers
The maximum farmer capacity is 10
The herd skill level of this farm is 1
The money skill level of this farm is 2
The crop skill level of this farm is 1
This farm has existed for 0 days

This is a Hybrid Barn, it has crops and animals
Horse:1 cow:1 pig:1 chicken:1 dog:1
acres of corn:1 tobacco:1 potato:1
Are there crop predators? false
Are there animal predators? false

 Farm 2
This is an Crop Farm
Currency is currently $87
This farms current level is 1
An upgrade currently cost $1200
There are currently 1 farmers
The maximum farmer capacity is 10
The crop skill level of this farm is 2
The money skill level of this farm is 2
This farm has existed for 0 days

This is a Crop Barn, it has crops
acres of corn:1 tobacco:1 potato:1
Are there crop predators? false

 Farm 3
This is an Animal Farm
Currency is currently $214
This farms current level is 1
An upgrade currently cost $1200
There are currently 4 farmers
The maximum farmer capacity is 10
The herd skill level of this farm is 2
The money skill level of this farm is 2
This farm has existed for 0 days

This is a Hybrid Barn, it has crops and animals
Horse:2 cow:1 pig:1 chicken:1 dog:1
Are there animal predators? false

Daytime has passed on day 0


 Farm 0
This is an Animal Farm
Currency is currently $195
This farms current level is 1
An upgrade currently cost $1200
There are currently 9 farmers
The maximum farmer capacity is 10
The herd skill level of this farm is 4
The money skill level of this farm is 3
This farm has existed for 1 days

This is a Hybrid Barn, it has crops and animals
Horse:2 cow:2 pig:2 chicken:2 dog:2
Are there animal predators? false

 Farm 1
This is a Hybrid Farm
Currency is currently $48
This farms current level is 1
An upgrade currently cost $1200
There are currently 6 farmers
The maximum farmer capacity is 10
The herd skill level of this farm is 2
The money skill level of this farm is 3
The crop skill level of this farm is 1
This farm has existed for 1 days

This is a Hybrid Barn, it has crops and animals
Horse:1 cow:1 pig:1 chicken:1 dog:1
acres of corn:1 tobacco:1 potato:1
Are there crop predators? false
Are there animal predators? false

 Farm 2
This is an Crop Farm
Currency is currently $87
This farms current level is 1
An upgrade currently cost $1200
There are currently 1 farmers
The maximum farmer capacity is 10
The crop skill level of this farm is 2
The money skill level of this farm is 2
This farm has existed for 1 days

This is a Crop Barn, it has crops
acres of corn:1 tobacco:1 potato:0
Are there crop predators? true

 Farm 3
This is an Animal Farm
Currency is currently $214
This farms current level is 1
An upgrade currently cost $1200
There are currently 6 farmers
The maximum farmer capacity is 10
The herd skill level of this farm is 3
The money skill level of this farm is 3
This farm has existed for 1 days

This is a Hybrid Barn, it has crops and animals
Horse:2 cow:1 pig:1 chicken:1 dog:1
Are there animal predators? false

Night time has passed on day 0

Farm 0 Became full. Creating new farm

 Farm 0
This is an Animal Farm
Currency is currently $239
This farms current level is 1
An upgrade currently cost $1200
There are currently 10 farmers
The maximum farmer capacity is 10
The herd skill level of this farm is 4
The money skill level of this farm is 3
This farm has existed for 1 days

This is a Hybrid Barn, it has crops and animals
Horse:6 cow:6 pig:6 chicken:11 dog:6
Are there animal predators? false

 Farm 1
This is a Hybrid Farm
Currency is currently $145
This farms current level is 1
An upgrade currently cost $1200
There are currently 7 farmers
The maximum farmer capacity is 10
The herd skill level of this farm is 3
The money skill level of this farm is 4
The crop skill level of this farm is 1
This farm has existed for 1 days

This is a Hybrid Barn, it has crops and animals
Horse:1 cow:1 pig:1 chicken:6 dog:1
acres of corn:1 tobacco:1 potato:1
Are there crop predators? false
Are there animal predators? false

 Farm 2
This is an Crop Farm
Currency is currently $81
This farms current level is 1
An upgrade currently cost $1200
There are currently 1 farmers
The maximum farmer capacity is 10
The crop skill level of this farm is 3
The money skill level of this farm is 2
This farm has existed for 1 days

This is a Crop Barn, it has crops
acres of corn:1 tobacco:2 potato:0
Are there crop predators? false

 Farm 3
This is an Animal Farm
Currency is currently $164
This farms current level is 1
An upgrade currently cost $1200
There are currently 8 farmers
The maximum farmer capacity is 10
The herd skill level of this farm is 3
The money skill level of this farm is 4
This farm has existed for 1 days

This is a Hybrid Barn, it has crops and animals
Horse:5 cow:1 pig:1 chicken:1 dog:1
Are there animal predators? false

 Farm 4
This is an Crop Farm
Currency is currently $43
This farms current level is 1
An upgrade currently cost $1200
There are currently 1 farmers
The maximum farmer capacity is 10
The crop skill level of this farm is 2
The money skill level of this farm is 2
This farm has existed for 0 days

This is a Crop Barn, it has crops
acres of corn:1 tobacco:1 potato:1
Are there crop predators? false

Daytime has passed on day 1

Farm 0 Became full. Creating new farm

 Farm 0
This is an Animal Farm
Currency is currently $239
This farms current level is 1
An upgrade currently cost $1200
There are currently 10 farmers
The maximum farmer capacity is 10
The herd skill level of this farm is 5
The money skill level of this farm is 3
This farm has existed for 2 days

This is a Hybrid Barn, it has crops and animals
Horse:6 cow:6 pig:6 chicken:11 dog:6
Are there animal predators? false

 Farm 1
This is a Hybrid Farm
Currency is currently $145
This farms current level is 1
An upgrade currently cost $1200
There are currently 7 farmers
The maximum farmer capacity is 10
The herd skill level of this farm is 3
The money skill level of this farm is 4
The crop skill level of this farm is 1
This farm has existed for 2 days

This is a Hybrid Barn, it has crops and animals
Horse:1 cow:1 pig:1 chicken:6 dog:1
acres of corn:1 tobacco:1 potato:1
Are there crop predators? false
Are there animal predators? false

 Farm 2
This is an Crop Farm
Currency is currently $81
This farms current level is 1
An upgrade currently cost $1200
There are currently 3 farmers
The maximum farmer capacity is 10
The crop skill level of this farm is 4
The money skill level of this farm is 2
This farm has existed for 2 days

This is a Crop Barn, it has crops
acres of corn:1 tobacco:2 potato:0
Are there crop predators? false

 Farm 3
This is an Animal Farm
Currency is currently $164
This farms current level is 1
An upgrade currently cost $1200
There are currently 10 farmers
The maximum farmer capacity is 10
The herd skill level of this farm is 3
The money skill level of this farm is 5
This farm has existed for 2 days

This is a Hybrid Barn, it has crops and animals
Horse:5 cow:1 pig:1 chicken:1 dog:1
Are there animal predators? false

 Farm 4
This is an Crop Farm
Currency is currently $43
This farms current level is 1
An upgrade currently cost $1200
There are currently 3 farmers
The maximum farmer capacity is 10
The crop skill level of this farm is 2
The money skill level of this farm is 3
This farm has existed for 1 days

This is a Crop Barn, it has crops
acres of corn:1 tobacco:1 potato:1
Are there crop predators? false

 Farm 5
This is an Crop Farm
Currency is currently $19
This farms current level is 1
An upgrade currently cost $1200
There are currently 2 farmers
The maximum farmer capacity is 10
The crop skill level of this farm is 2
The money skill level of this farm is 1
This farm has existed for 0 days

This is a Crop Barn, it has crops
acres of corn:1 tobacco:1 potato:1
Are there crop predators? false

Night time has passed on day 1

Farm 0 Became full. Creating new farm

 Farm 0
This is an Animal Farm
Currency is currently $206
This farms current level is 1
An upgrade currently cost $1200
There are currently 10 farmers
The maximum farmer capacity is 10
The herd skill level of this farm is 6
The money skill level of this farm is 4
This farm has existed for 2 days

This is a Hybrid Barn, it has crops and animals
Horse:6 cow:6 pig:6 chicken:11 dog:6
Are there animal predators? false

 Farm 1
This is a Hybrid Farm
Currency is currently $113
This farms current level is 1
An upgrade currently cost $1200
There are currently 8 farmers
The maximum farmer capacity is 10
The herd skill level of this farm is 4
The money skill level of this farm is 4
The crop skill level of this farm is 1
This farm has existed for 2 days

This is a Hybrid Barn, it has crops and animals
Horse:1 cow:1 pig:1 chicken:6 dog:1
acres of corn:1 tobacco:1 potato:2
Are there crop predators? false
Are there animal predators? false

 Farm 2
This is an Crop Farm
Currency is currently $94
This farms current level is 1
An upgrade currently cost $1200
There are currently 3 farmers
The maximum farmer capacity is 10
The crop skill level of this farm is 4
The money skill level of this farm is 2
This farm has existed for 2 days

This is a Crop Barn, it has crops
acres of corn:1 tobacco:2 potato:1
Are there crop predators? false

 Farm 3
This is an Animal Farm
Currency is currently $208
This farms current level is 1
An upgrade currently cost $1200
There are currently 10 farmers
The maximum farmer capacity is 10
The herd skill level of this farm is 3
The money skill level of this farm is 5
This farm has existed for 2 days

This is a Hybrid Barn, it has crops and animals
Horse:5 cow:1 pig:1 chicken:1 dog:1
Are there animal predators? false

 Farm 4
This is an Crop Farm
Currency is currently $89
This farms current level is 1
An upgrade currently cost $1200
There are currently 5 farmers
The maximum farmer capacity is 10
The crop skill level of this farm is 2
The money skill level of this farm is 4
This farm has existed for 1 days

This is a Crop Barn, it has crops
acres of corn:1 tobacco:1 potato:2
Are there crop predators? false

 Farm 5
This is an Crop Farm
Currency is currently $19
This farms current level is 1
An upgrade currently cost $1200
There are currently 3 farmers
The maximum farmer capacity is 10
The crop skill level of this farm is 3
The money skill level of this farm is 2
This farm has existed for 1 days

This is a Crop Barn, it has crops
acres of corn:1 tobacco:1 potato:0
Are there crop predators? true

 Farm 6
This is an Crop Farm
Currency is currently $88
This farms current level is 1
An upgrade currently cost $1200
There are currently 2 farmers
The maximum farmer capacity is 10
The crop skill level of this farm is 1
The money skill level of this farm is 2
This farm has existed for 0 days

This is a Crop Barn, it has crops
acres of corn:1 tobacco:1 potato:1
Are there crop predators? false

Daytime has passed on day 2

Farm 0 Became full. Creating new farm

 Farm 0
This is an Animal Farm
Currency is currently $206
This farms current level is 1
An upgrade currently cost $1200
There are currently 10 farmers
The maximum farmer capacity is 10
The herd skill level of this farm is 7
The money skill level of this farm is 5
This farm has existed for 3 days

This is a Hybrid Barn, it has crops and animals
Horse:6 cow:6 pig:6 chicken:11 dog:6
Are there animal predators? false

 Farm 1
This is a Hybrid Farm
Currency is currently $113
This farms current level is 1
An upgrade currently cost $1200
There are currently 10 farmers
The maximum farmer capacity is 10
The herd skill level of this farm is 4
The money skill level of this farm is 5
The crop skill level of this farm is 1
This farm has existed for 3 days

This is a Hybrid Barn, it has crops and animals
Horse:1 cow:1 pig:1 chicken:6 dog:1
acres of corn:1 tobacco:1 potato:2
Are there crop predators? false
Are there animal predators? false

 Farm 2
This is an Crop Farm
Currency is currently $94
This farms current level is 1
An upgrade currently cost $1200
There are currently 5 farmers
The maximum farmer capacity is 10
The crop skill level of this farm is 5
The money skill level of this farm is 3
This farm has existed for 3 days

This is a Crop Barn, it has crops
acres of corn:1 tobacco:1 potato:1
Are there crop predators? true
Farm 3 Became full. Creating new farm

 Farm 3
This is an Animal Farm
Currency is currently $208
This farms current level is 1
An upgrade currently cost $1200
There are currently 10 farmers
The maximum farmer capacity is 10
The herd skill level of this farm is 3
The money skill level of this farm is 6
This farm has existed for 3 days

This is a Hybrid Barn, it has crops and animals
Horse:5 cow:1 pig:1 chicken:1 dog:1
Are there animal predators? false

 Farm 4
This is an Crop Farm
Currency is currently $89
This farms current level is 1
An upgrade currently cost $1200
There are currently 5 farmers
The maximum farmer capacity is 10
The crop skill level of this farm is 3
The money skill level of this farm is 5
This farm has existed for 2 days

This is a Crop Barn, it has crops
acres of corn:1 tobacco:1 potato:2
Are there crop predators? false

 Farm 5
This is an Crop Farm
Currency is currently $10
This farms current level is 1
An upgrade currently cost $1200
There are currently 5 farmers
The maximum farmer capacity is 10
The crop skill level of this farm is 3
The money skill level of this farm is 2
This farm has existed for 1 days

This is a Crop Barn, it has crops
acres of corn:1 tobacco:1 potato:0
Are there crop predators? true

 Farm 6
This is an Crop Farm
Currency is currently $88
This farms current level is 1
An upgrade currently cost $1200
There are currently 4 farmers
The maximum farmer capacity is 10
The crop skill level of this farm is 2
The money skill level of this farm is 3
This farm has existed for 1 days

This is a Crop Barn, it has crops
acres of corn:1 tobacco:1 potato:0
Are there crop predators? true

 Farm 7
This is an Animal Farm
Currency is currently $25
This farms current level is 1
An upgrade currently cost $1200
There are currently 4 farmers
The maximum farmer capacity is 10
The herd skill level of this farm is 1
The money skill level of this farm is 1
This farm has existed for 0 days

This is a Hybrid Barn, it has crops and animals
Horse:1 cow:1 pig:1 chicken:1 dog:1
Are there animal predators? false

 Farm 8
This is an Animal Farm
Currency is currently $105
This farms current level is 1
An upgrade currently cost $1200
There are currently 3 farmers
The maximum farmer capacity is 10
The herd skill level of this farm is 1
The money skill level of this farm is 1
This farm has existed for 0 days

This is a Hybrid Barn, it has crops and animals
Horse:1 cow:1 pig:1 chicken:1 dog:1
Are there animal predators? false

Night time has passed on day 2


 Farm 0
This is an Animal Farm
Currency is currently $150
This farms current level is 1
An upgrade currently cost $1200
There are currently 10 farmers
The maximum farmer capacity is 10
The herd skill level of this farm is 8
The money skill level of this farm is 5
This farm has existed for 3 days

This is a Hybrid Barn, it has crops and animals
Horse:7 cow:6 pig:6 chicken:11 dog:6
Are there animal predators? false
Farm 1 Became full. Creating new farm

 Farm 1
This is a Hybrid Farm
Currency is currently $70
This farms current level is 1
An upgrade currently cost $1200
There are currently 10 farmers
The maximum farmer capacity is 10
The herd skill level of this farm is 5
The money skill level of this farm is 6
The crop skill level of this farm is 1
This farm has existed for 3 days

This is a Hybrid Barn, it has crops and animals
Horse:1 cow:1 pig:2 chicken:6 dog:1
acres of corn:1 tobacco:1 potato:2
Are there crop predators? false
Are there animal predators? false

 Farm 2
This is an Crop Farm
Currency is currently $176
This farms current level is 1
An upgrade currently cost $1200
There are currently 6 farmers
The maximum farmer capacity is 10
The crop skill level of this farm is 5
The money skill level of this farm is 4
This farm has existed for 3 days

This is a Crop Barn, it has crops
acres of corn:1 tobacco:1 potato:2
Are there crop predators? false
Farm 3 Became full. Creating new farm

 Farm 3
This is an Animal Farm
Currency is currently $161
This farms current level is 1
An upgrade currently cost $1200
There are currently 10 farmers
The maximum farmer capacity is 10
The herd skill level of this farm is 3
The money skill level of this farm is 7
This farm has existed for 3 days

This is a Hybrid Barn, it has crops and animals
Horse:5 cow:1 pig:1 chicken:1 dog:1
Are there animal predators? false

 Farm 4
This is an Crop Farm
Currency is currently $225
This farms current level is 1
An upgrade currently cost $1200
There are currently 7 farmers
The maximum farmer capacity is 10
The crop skill level of this farm is 4
The money skill level of this farm is 6
This farm has existed for 2 days

This is a Crop Barn, it has crops
acres of corn:1 tobacco:1 potato:3
Are there crop predators? false

 Farm 5
This is an Crop Farm
Currency is currently $10
This farms current level is 1
An upgrade currently cost $1200
There are currently 5 farmers
The maximum farmer capacity is 10
The crop skill level of this farm is 4
The money skill level of this farm is 2
This farm has existed for 2 days

This is a Crop Barn, it has crops
acres of corn:1 tobacco:1 potato:0
Are there crop predators? true

 Farm 6
This is an Crop Farm
Currency is currently $90
This farms current level is 1
An upgrade currently cost $1200
There are currently 4 farmers
The maximum farmer capacity is 10
The crop skill level of this farm is 2
The money skill level of this farm is 3
This farm has existed for 1 days

This is a Crop Barn, it has crops
acres of corn:2 tobacco:1 potato:0
Are there crop predators? false

 Farm 7
This is an Animal Farm
Currency is currently $25
This farms current level is 1
An upgrade currently cost $1200
There are currently 6 farmers
The maximum farmer capacity is 10
The herd skill level of this farm is 1
The money skill level of this farm is 2
This farm has existed for 1 days

This is a Hybrid Barn, it has crops and animals
Horse:1 cow:1 pig:1 chicken:1 dog:1
Are there animal predators? false

 Farm 8
This is an Animal Farm
Currency is currently $105
This farms current level is 1
An upgrade currently cost $1200
There are currently 3 farmers
The maximum farmer capacity is 10
The herd skill level of this farm is 1
The money skill level of this farm is 1
This farm has existed for 1 days

This is a Hybrid Barn, it has crops and animals
Horse:1 cow:1 pig:1 chicken:1 dog:1
Are there animal predators? false

 Farm 9
This is an Crop Farm
Currency is currently $103
This farms current level is 1
An upgrade currently cost $1200
There are currently 2 farmers
The maximum farmer capacity is 10
The crop skill level of this farm is 2
The money skill level of this farm is 2
This farm has existed for 0 days

This is a Crop Barn, it has crops
acres of corn:1 tobacco:1 potato:2
Are there crop predators? false

 Farm 10
This is a Hybrid Farm
Currency is currently $101
This farms current level is 1
An upgrade currently cost $1200
There are currently 3 farmers
The maximum farmer capacity is 10
The herd skill level of this farm is 2
The money skill level of this farm is 2
The crop skill level of this farm is 1
This farm has existed for 0 days

This is a Hybrid Barn, it has crops and animals
Horse:1 cow:1 pig:1 chicken:1 dog:1
acres of corn:1 tobacco:1 potato:2
Are there crop predators? false
Are there animal predators? false

Daytime has passed on day 3


 Farm 0
This is an Animal Farm
Currency is currently $150
This farms current level is 1
An upgrade currently cost $1200
There are currently 10 farmers
The maximum farmer capacity is 10
The herd skill level of this farm is 8
The money skill level of this farm is 6
This farm has existed for 4 days

This is a Hybrid Barn, it has crops and animals
Horse:7 cow:6 pig:6 chicken:11 dog:6
Are there animal predators? false
Farm 1 Became full. Creating new farm

 Farm 1
This is a Hybrid Farm
Currency is currently $70
This farms current level is 1
An upgrade currently cost $1200
There are currently 10 farmers
The maximum farmer capacity is 10
The herd skill level of this farm is 5
The money skill level of this farm is 7
The crop skill level of this farm is 1
This farm has existed for 4 days

This is a Hybrid Barn, it has crops and animals
Horse:1 cow:1 pig:2 chicken:6 dog:1
acres of corn:1 tobacco:1 potato:2
Are there crop predators? false
Are there animal predators? false

 Farm 2
This is an Crop Farm
Currency is currently $176
This farms current level is 1
An upgrade currently cost $1200
There are currently 7 farmers
The maximum farmer capacity is 10
The crop skill level of this farm is 5
The money skill level of this farm is 5
This farm has existed for 4 days

This is a Crop Barn, it has crops
acres of corn:1 tobacco:1 potato:2
Are there crop predators? false
Farm 3 Became full. Creating new farm

 Farm 3
This is an Animal Farm
Currency is currently $161
This farms current level is 1
An upgrade currently cost $1200
There are currently 10 farmers
The maximum farmer capacity is 10
The herd skill level of this farm is 3
The money skill level of this farm is 8
This farm has existed for 4 days

This is a Hybrid Barn, it has crops and animals
Horse:5 cow:1 pig:1 chicken:1 dog:1
Are there animal predators? false

 Farm 4
This is an Crop Farm
Currency is currently $225
This farms current level is 1
An upgrade currently cost $1200
There are currently 8 farmers
The maximum farmer capacity is 10
The crop skill level of this farm is 5
The money skill level of this farm is 6
This farm has existed for 3 days

This is a Crop Barn, it has crops
acres of corn:1 tobacco:1 potato:3
Are there crop predators? false

 Farm 5
This is an Crop Farm
Currency is currently $62
This farms current level is 1
An upgrade currently cost $1200
There are currently 7 farmers
The maximum farmer capacity is 10
The crop skill level of this farm is 4
The money skill level of this farm is 2
This farm has existed for 2 days

This is a Crop Barn, it has crops
acres of corn:1 tobacco:1 potato:0
Are there crop predators? false

 Farm 6
This is an Crop Farm
Currency is currently $90
This farms current level is 1
An upgrade currently cost $1200
There are currently 5 farmers
The maximum farmer capacity is 10
The crop skill level of this farm is 2
The money skill level of this farm is 3
This farm has existed for 2 days

This is a Crop Barn, it has crops
acres of corn:2 tobacco:1 potato:0
Are there crop predators? false

 Farm 7
This is an Animal Farm
Currency is currently $110
This farms current level is 1
An upgrade currently cost $1200
There are currently 6 farmers
The maximum farmer capacity is 10
The herd skill level of this farm is 2
The money skill level of this farm is 3
This farm has existed for 1 days

This is a Hybrid Barn, it has crops and animals
Horse:1 cow:1 pig:1 chicken:1 dog:1
Are there animal predators? false

 Farm 8
This is an Animal Farm
Currency is currently $75
This farms current level is 1
An upgrade currently cost $1200
There are currently 5 farmers
The maximum farmer capacity is 10
The herd skill level of this farm is 2
The money skill level of this farm is 1
This farm has existed for 1 days

This is a Hybrid Barn, it has crops and animals
Horse:1 cow:1 pig:1 chicken:1 dog:1
Are there animal predators? false

 Farm 9
This is an Crop Farm
Currency is currently $103
This farms current level is 1
An upgrade currently cost $1200
There are currently 4 farmers
The maximum farmer capacity is 10
The crop skill level of this farm is 2
The money skill level of this farm is 3
This farm has existed for 1 days

This is a Crop Barn, it has crops
acres of corn:1 tobacco:1 potato:2
Are there crop predators? false

 Farm 10
This is a Hybrid Farm
Currency is currently $101
This farms current level is 1
An upgrade currently cost $1200
There are currently 5 farmers
The maximum farmer capacity is 10
The herd skill level of this farm is 2
The money skill level of this farm is 2
The crop skill level of this farm is 1
This farm has existed for 1 days

This is a Hybrid Barn, it has crops and animals
Horse:1 cow:1 pig:1 chicken:1 dog:1
acres of corn:1 tobacco:1 potato:2
Are there crop predators? false
Are there animal predators? false

 Farm 11
This is an Crop Farm
Currency is currently $77
This farms current level is 1
An upgrade currently cost $1200
There are currently 2 farmers
The maximum farmer capacity is 10
The crop skill level of this farm is 2
The money skill level of this farm is 1
This farm has existed for 0 days

This is a Crop Barn, it has crops
acres of corn:1 tobacco:1 potato:1
Are there crop predators? false

 Farm 12
This is a Hybrid Farm
Currency is currently $63
This farms current level is 1
An upgrade currently cost $1200
There are currently 4 farmers
The maximum farmer capacity is 10
The herd skill level of this farm is 2
The money skill level of this farm is 1
The crop skill level of this farm is 1
This farm has existed for 0 days

This is a Hybrid Barn, it has crops and animals
Horse:1 cow:1 pig:1 chicken:1 dog:1
acres of corn:1 tobacco:1 potato:1
Are there crop predators? false
Are there animal predators? false

Night time has passed on day 3

Farm 0 Became full. Creating new farm

 Farm 0
This is an Animal Farm
Currency is currently $123
This farms current level is 1
An upgrade currently cost $1200
There are currently 10 farmers
The maximum farmer capacity is 10
The herd skill level of this farm is 9
The money skill level of this farm is 7
This farm has existed for 4 days

This is a Hybrid Barn, it has crops and animals
Horse:16 cow:16 pig:15 chicken:20 dog:15
Are there animal predators? false

 Farm 1
This is a Hybrid Farm
Currency is currently $211
This farms current level is 1
An upgrade currently cost $1200
There are currently 10 farmers
The maximum farmer capacity is 10
The herd skill level of this farm is 6
The money skill level of this farm is 7
The crop skill level of this farm is 1
This farm has existed for 4 days

This is a Hybrid Barn, it has crops and animals
Horse:1 cow:1 pig:2 chicken:6 dog:1
acres of corn:1 tobacco:2 potato:2
Are there crop predators? false
Are there animal predators? false

 Farm 2
This is an Crop Farm
Currency is currently $96
This farms current level is 1
An upgrade currently cost $1200
There are currently 7 farmers
The maximum farmer capacity is 10
The crop skill level of this farm is 5
The money skill level of this farm is 6
This farm has existed for 4 days

This is a Crop Barn, it has crops
acres of corn:2 tobacco:1 potato:2
Are there crop predators? false

 Farm 3
This is an Animal Farm
Currency is currently $130
This farms current level is 1
An upgrade currently cost $1200
There are currently 10 farmers
The maximum farmer capacity is 10
The herd skill level of this farm is 3
The money skill level of this farm is 8
This farm has existed for 4 days

This is a Hybrid Barn, it has crops and animals
Horse:8 cow:1 pig:1 chicken:1 dog:1
Are there animal predators? false

 Farm 4
This is an Crop Farm
Currency is currently $265
This farms current level is 1
An upgrade currently cost $1200
There are currently 9 farmers
The maximum farmer capacity is 10
The crop skill level of this farm is 5
The money skill level of this farm is 7
This farm has existed for 3 days

This is a Crop Barn, it has crops
acres of corn:1 tobacco:2 potato:3
Are there crop predators? false

 Farm 5
This is an Crop Farm
Currency is currently $62
This farms current level is 1
An upgrade currently cost $1200
There are currently 8 farmers
The maximum farmer capacity is 10
The crop skill level of this farm is 5
The money skill level of this farm is 2
This farm has existed for 3 days

This is a Crop Barn, it has crops
acres of corn:1 tobacco:1 potato:0
Are there crop predators? false

 Farm 6
This is an Crop Farm
Currency is currently $84
This farms current level is 1
An upgrade currently cost $1200
There are currently 7 farmers
The maximum farmer capacity is 10
The crop skill level of this farm is 3
The money skill level of this farm is 3
This farm has existed for 2 days

This is a Crop Barn, it has crops
acres of corn:3 tobacco:1 potato:0
Are there crop predators? false

 Farm 7
This is an Animal Farm
Currency is currently $110
This farms current level is 1
An upgrade currently cost $1200
There are currently 7 farmers
The maximum farmer capacity is 10
The herd skill level of this farm is 3
The money skill level of this farm is 4
This farm has existed for 2 days

This is a Hybrid Barn, it has crops and animals
Horse:1 cow:1 pig:1 chicken:1 dog:1
Are there animal predators? false

 Farm 8
This is an Animal Farm
Currency is currently $75
This farms current level is 1
An upgrade currently cost $1200
There are currently 5 farmers
The maximum farmer capacity is 10
The herd skill level of this farm is 3
The money skill level of this farm is 1
This farm has existed for 2 days

This is a Hybrid Barn, it has crops and animals
Horse:1 cow:1 pig:1 chicken:1 dog:1
Are there animal predators? false

 Farm 9
This is an Crop Farm
Currency is currently $156
This farms current level is 1
An upgrade currently cost $1200
There are currently 6 farmers
The maximum farmer capacity is 10
The crop skill level of this farm is 3
The money skill level of this farm is 4
This farm has existed for 1 days

This is a Crop Barn, it has crops
acres of corn:1 tobacco:2 potato:2
Are there crop predators? false

 Farm 10
This is a Hybrid Farm
Currency is currently $89
This farms current level is 1
An upgrade currently cost $1200
There are currently 7 farmers
The maximum farmer capacity is 10
The herd skill level of this farm is 2
The money skill level of this farm is 2
The crop skill level of this farm is 1
This farm has existed for 1 days

This is a Hybrid Barn, it has crops and animals
Horse:1 cow:1 pig:1 chicken:1 dog:1
acres of corn:1 tobacco:1 potato:2
Are there crop predators? false
Are there animal predators? false

 Farm 11
This is an Crop Farm
Currency is currently $77
This farms current level is 1
An upgrade currently cost $1200
There are currently 4 farmers
The maximum farmer capacity is 10
The crop skill level of this farm is 3
The money skill level of this farm is 1
This farm has existed for 1 days

This is a Crop Barn, it has crops
acres of corn:1 tobacco:1 potato:1
Are there crop predators? false

 Farm 12
This is a Hybrid Farm
Currency is currently $63
This farms current level is 1
An upgrade currently cost $1200
There are currently 5 farmers
The maximum farmer capacity is 10
The herd skill level of this farm is 3
The money skill level of this farm is 1
The crop skill level of this farm is 1
This farm has existed for 1 days

This is a Hybrid Barn, it has crops and animals
Horse:1 cow:1 pig:1 chicken:1 dog:1
acres of corn:1 tobacco:1 potato:1
Are there crop predators? false
Are there animal predators? false

 Farm 13
This is an Crop Farm
Currency is currently $114
This farms current level is 1
An upgrade currently cost $1200
There are currently 3 farmers
The maximum farmer capacity is 10
The crop skill level of this farm is 2
The money skill level of this farm is 2
This farm has existed for 0 days

This is a Crop Barn, it has crops
acres of corn:2 tobacco:1 potato:1
Are there crop predators? false

Daytime has passed on day 4


 Farm 0
This is an Animal Farm
Currency is currently $123
This farms current level is 1
An upgrade currently cost $1200
There are currently 10 farmers
The maximum farmer capacity is 10
The herd skill level of this farm is 10
The money skill level of this farm is 8
This farm has existed for 5 days

This is a Hybrid Barn, it has crops and animals
Horse:16 cow:16 pig:15 chicken:20 dog:15
Are there animal predators? false
Farm 1 Became full. Creating new farm

 Farm 1
This is a Hybrid Farm
Currency is currently $211
This farms current level is 1
An upgrade currently cost $1200
There are currently 10 farmers
The maximum farmer capacity is 10
The herd skill level of this farm is 7
The money skill level of this farm is 7
The crop skill level of this farm is 1
This farm has existed for 5 days

This is a Hybrid Barn, it has crops and animals
Horse:1 cow:1 pig:2 chicken:6 dog:1
acres of corn:1 tobacco:2 potato:2
Are there crop predators? false
Are there animal predators? false

 Farm 2
This is an Crop Farm
Currency is currently $96
This farms current level is 1
An upgrade currently cost $1200
There are currently 7 farmers
The maximum farmer capacity is 10
The crop skill level of this farm is 6
The money skill level of this farm is 7
This farm has existed for 5 days

This is a Crop Barn, it has crops
acres of corn:2 tobacco:1 potato:2
Are there crop predators? false
Farm 3 Became full. Creating new farm

 Farm 3
This is an Animal Farm
Currency is currently $130
This farms current level is 1
An upgrade currently cost $1200
There are currently 10 farmers
The maximum farmer capacity is 10
The herd skill level of this farm is 4
The money skill level of this farm is 9
This farm has existed for 5 days

This is a Hybrid Barn, it has crops and animals
Horse:8 cow:1 pig:1 chicken:1 dog:1
Are there animal predators? false

 Farm 4
This is an Crop Farm
Currency is currently $265
This farms current level is 1
An upgrade currently cost $1200
There are currently 9 farmers
The maximum farmer capacity is 10
The crop skill level of this farm is 5
The money skill level of this farm is 8
This farm has existed for 4 days

This is a Crop Barn, it has crops
acres of corn:1 tobacco:2 potato:3
Are there crop predators? false

 Farm 5
This is an Crop Farm
Currency is currently $77
This farms current level is 1
An upgrade currently cost $1200
There are currently 10 farmers
The maximum farmer capacity is 10
The crop skill level of this farm is 6
The money skill level of this farm is 3
This farm has existed for 3 days

This is a Crop Barn, it has crops
acres of corn:1 tobacco:1 potato:1
Are there crop predators? false

 Farm 6
This is an Crop Farm
Currency is currently $84
This farms current level is 1
An upgrade currently cost $1200
There are currently 9 farmers
The maximum farmer capacity is 10
The crop skill level of this farm is 3
The money skill level of this farm is 4
This farm has existed for 3 days

This is a Crop Barn, it has crops
acres of corn:3 tobacco:1 potato:0
Are there crop predators? false

 Farm 7
This is an Animal Farm
Currency is currently $119
This farms current level is 1
An upgrade currently cost $1200
There are currently 9 farmers
The maximum farmer capacity is 10
The herd skill level of this farm is 4
The money skill level of this farm is 4
This farm has existed for 2 days

This is a Hybrid Barn, it has crops and animals
Horse:1 cow:1 pig:1 chicken:1 dog:1
Are there animal predators? false

 Farm 8
This is an Animal Farm
Currency is currently $53
This farms current level is 1
An upgrade currently cost $1200
There are currently 5 farmers
The maximum farmer capacity is 10
The herd skill level of this farm is 4
The money skill level of this farm is 1
This farm has existed for 2 days

This is a Hybrid Barn, it has crops and animals
Horse:1 cow:1 pig:1 chicken:1 dog:1
Are there animal predators? false

 Farm 9
This is an Crop Farm
Currency is currently $156
This farms current level is 1
An upgrade currently cost $1200
There are currently 6 farmers
The maximum farmer capacity is 10
The crop skill level of this farm is 4
The money skill level of this farm is 5
This farm has existed for 2 days

This is a Crop Barn, it has crops
acres of corn:1 tobacco:2 potato:2
Are there crop predators? false

 Farm 10
This is a Hybrid Farm
Currency is currently $89
This farms current level is 1
An upgrade currently cost $1200
There are currently 7 farmers
The maximum farmer capacity is 10
The herd skill level of this farm is 3
The money skill level of this farm is 2
The crop skill level of this farm is 1
This farm has existed for 2 days

This is a Hybrid Barn, it has crops and animals
Horse:1 cow:1 pig:1 chicken:1 dog:1
acres of corn:1 tobacco:1 potato:1
Are there crop predators? true
Are there animal predators? false

 Farm 11
This is an Crop Farm
Currency is currently $78
This farms current level is 1
An upgrade currently cost $1200
There are currently 6 farmers
The maximum farmer capacity is 10
The crop skill level of this farm is 3
The money skill level of this farm is 1
This farm has existed for 1 days

This is a Crop Barn, it has crops
acres of corn:2 tobacco:1 potato:1
Are there crop predators? false

 Farm 12
This is a Hybrid Farm
Currency is currently $59
This farms current level is 1
An upgrade currently cost $1200
There are currently 6 farmers
The maximum farmer capacity is 10
The herd skill level of this farm is 4
The money skill level of this farm is 2
The crop skill level of this farm is 1
This farm has existed for 1 days

This is a Hybrid Barn, it has crops and animals
Horse:1 cow:1 pig:1 chicken:1 dog:3
acres of corn:1 tobacco:1 potato:1
Are there crop predators? false
Are there animal predators? false

 Farm 13
This is an Crop Farm
Currency is currently $114
This farms current level is 1
An upgrade currently cost $1200
There are currently 5 farmers
The maximum farmer capacity is 10
The crop skill level of this farm is 3
The money skill level of this farm is 2
This farm has existed for 1 days

This is a Crop Barn, it has crops
acres of corn:2 tobacco:1 potato:1
Are there crop predators? false

 Farm 14
This is an Crop Farm
Currency is currently $54
This farms current level is 1
An upgrade currently cost $1200
There are currently 1 farmers
The maximum farmer capacity is 10
The crop skill level of this farm is 2
The money skill level of this farm is 2
This farm has existed for 0 days

This is a Crop Barn, it has crops
acres of corn:1 tobacco:1 potato:1
Are there crop predators? false

 Farm 15
This is an Animal Farm
Currency is currently $192
This farms current level is 1
An upgrade currently cost $1200
There are currently 2 farmers
The maximum farmer capacity is 10
The herd skill level of this farm is 1
The money skill level of this farm is 1
This farm has existed for 0 days

This is a Hybrid Barn, it has crops and animals
Horse:1 cow:1 pig:2 chicken:1 dog:1
Are there animal predators? false

Night time has passed on day 4

]]></system-out>
  <system-err><![CDATA[]]></system-err>
</testsuite>
