<?xml version="1.0" encoding="UTF-8"?>
<testsuite name="FarmTest" tests="4" skipped="0" failures="0" errors="0" timestamp="2020-04-25T15:00:11" hostname="kellys-MacBook-Pro.local" time="0.084">
  <properties/>
  <testcase name="strategyTest" classname="FarmTest" time="0.02"/>
  <testcase name="testMain" classname="FarmTest" time="0.006"/>
  <testcase name="observerTest" classname="FarmTest" time="0.058"/>
  <testcase name="factoryTest" classname="FarmTest" time="0.0"/>
  <system-out><![CDATA[This is an Crop Farm
Currency is currently $146
This farms current level is 1
An upgrade currently cost $1200
There are currently 1 farmers
The maximum farmer capacity is 10
The crop skill level of this farm is 1
The money skill level of this farm is 1
This farm has existed for 0 days

This is a Crop Barn, it has crops
acres of corn:1 tobacco:1 potato:1
Are there crop predators? false
This is a Hybrid Barn, it has crops and animals
Horse:90 cow:174 pig:115 chicken:199 dog:125
Are there animal predators? false
This is a Crop Barn, it has crops
acres of corn:26 tobacco:37 potato:28
Are there crop predators? false
This is a Hybrid Barn, it has crops and animals
Horse:243 cow:238 pig:256 chicken:270 dog:264
acres of corn:519 tobacco:514 potato:517
Are there crop predators? false
Are there animal predators? false
main
This is an Animal Farm
Currency is currently $321
This farms current level is 1
An upgrade currently cost $1200
There are currently 3 farmers
The maximum farmer capacity is 10
The herd skill level of this farm is 2
The money skill level of this farm is 1
This farm has existed for 0 days

This is a Hybrid Barn, it has crops and animals
Horse:2 cow:2 pig:2 chicken:2 dog:2
Are there animal predators? false
Would you like to tick another day/night? If yes, enter 'Y', else enter 'N'

 Farm 0
This is an Crop Farm
Currency is currently $111
This farms current level is 1
An upgrade currently cost $1200
There are currently 1 farmers
The maximum farmer capacity is 10
The crop skill level of this farm is 1
The money skill level of this farm is 1
This farm has existed for 0 days

This is a Crop Barn, it has crops
acres of corn:1 tobacco:1 potato:2
Are there crop predators? false

 Farm 1
This is a Hybrid Farm
Currency is currently $140
This farms current level is 1
An upgrade currently cost $1200
There are currently 3 farmers
The maximum farmer capacity is 10
The herd skill level of this farm is 1
The money skill level of this farm is 1
The crop skill level of this farm is 1
This farm has existed for 0 days

This is a Hybrid Barn, it has crops and animals
Horse:1 cow:1 pig:1 chicken:1 dog:3
acres of corn:1 tobacco:1 potato:1
Are there crop predators? false
Are there animal predators? false

 Farm 2
This is an Crop Farm
Currency is currently $123
This farms current level is 1
An upgrade currently cost $1200
There are currently 5 farmers
The maximum farmer capacity is 10
The crop skill level of this farm is 2
The money skill level of this farm is 2
This farm has existed for 0 days

This is a Crop Barn, it has crops
acres of corn:2 tobacco:2 potato:3
Are there crop predators? false

 Farm 3
This is an Animal Farm
Currency is currently $163
This farms current level is 1
An upgrade currently cost $1200
There are currently 1 farmers
The maximum farmer capacity is 10
The herd skill level of this farm is 2
The money skill level of this farm is 1
This farm has existed for 0 days

This is a Hybrid Barn, it has crops and animals
Horse:2 cow:2 pig:2 chicken:7 dog:2
Are there animal predators? false

Daytime has passed on day 0


 Farm 0
This is an Crop Farm
Currency is currently $111
This farms current level is 1
An upgrade currently cost $1200
There are currently 2 farmers
The maximum farmer capacity is 10
The crop skill level of this farm is 2
The money skill level of this farm is 2
This farm has existed for 1 days

This is a Crop Barn, it has crops
acres of corn:1 tobacco:1 potato:2
Are there crop predators? false

 Farm 1
This is a Hybrid Farm
Currency is currently $140
This farms current level is 1
An upgrade currently cost $1200
There are currently 4 farmers
The maximum farmer capacity is 10
The herd skill level of this farm is 1
The money skill level of this farm is 2
The crop skill level of this farm is 1
This farm has existed for 1 days

This is a Hybrid Barn, it has crops and animals
Horse:1 cow:1 pig:0 chicken:1 dog:3
acres of corn:1 tobacco:1 potato:1
Are there crop predators? false
Are there animal predators? true

 Farm 2
This is an Crop Farm
Currency is currently $123
This farms current level is 1
An upgrade currently cost $1200
There are currently 6 farmers
The maximum farmer capacity is 10
The crop skill level of this farm is 2
The money skill level of this farm is 3
This farm has existed for 1 days

This is a Crop Barn, it has crops
acres of corn:2 tobacco:2 potato:3
Are there crop predators? false

 Farm 3
This is an Animal Farm
Currency is currently $163
This farms current level is 1
An upgrade currently cost $1200
There are currently 2 farmers
The maximum farmer capacity is 10
The herd skill level of this farm is 2
The money skill level of this farm is 2
This farm has existed for 1 days

This is a Hybrid Barn, it has crops and animals
Horse:2 cow:2 pig:2 chicken:7 dog:2
Are there animal predators? false

Night time has passed on day 0


 Farm 0
This is an Crop Farm
Currency is currently $130
This farms current level is 1
An upgrade currently cost $1200
There are currently 3 farmers
The maximum farmer capacity is 10
The crop skill level of this farm is 2
The money skill level of this farm is 2
This farm has existed for 1 days

This is a Crop Barn, it has crops
acres of corn:1 tobacco:1 potato:3
Are there crop predators? false

 Farm 1
This is a Hybrid Farm
Currency is currently $81
This farms current level is 1
An upgrade currently cost $1200
There are currently 4 farmers
The maximum farmer capacity is 10
The herd skill level of this farm is 1
The money skill level of this farm is 2
The crop skill level of this farm is 1
This farm has existed for 1 days

This is a Hybrid Barn, it has crops and animals
Horse:1 cow:1 pig:0 chicken:1 dog:5
acres of corn:1 tobacco:1 potato:1
Are there crop predators? false
Are there animal predators? false

 Farm 2
This is an Crop Farm
Currency is currently $91
This farms current level is 1
An upgrade currently cost $1200
There are currently 7 farmers
The maximum farmer capacity is 10
The crop skill level of this farm is 2
The money skill level of this farm is 4
This farm has existed for 1 days

This is a Crop Barn, it has crops
acres of corn:2 tobacco:2 potato:4
Are there crop predators? false

 Farm 3
This is an Animal Farm
Currency is currently $98
This farms current level is 1
An upgrade currently cost $1200
There are currently 3 farmers
The maximum farmer capacity is 10
The herd skill level of this farm is 3
The money skill level of this farm is 2
This farm has existed for 1 days

This is a Hybrid Barn, it has crops and animals
Horse:5 cow:5 pig:5 chicken:10 dog:5
Are there animal predators? false

Daytime has passed on day 1


 Farm 0
This is an Crop Farm
Currency is currently $130
This farms current level is 1
An upgrade currently cost $1200
There are currently 3 farmers
The maximum farmer capacity is 10
The crop skill level of this farm is 2
The money skill level of this farm is 3
This farm has existed for 2 days

This is a Crop Barn, it has crops
acres of corn:1 tobacco:1 potato:3
Are there crop predators? false

 Farm 1
This is a Hybrid Farm
Currency is currently $81
This farms current level is 1
An upgrade currently cost $1200
There are currently 6 farmers
The maximum farmer capacity is 10
The herd skill level of this farm is 1
The money skill level of this farm is 2
The crop skill level of this farm is 1
This farm has existed for 2 days

This is a Hybrid Barn, it has crops and animals
Horse:1 cow:1 pig:0 chicken:1 dog:5
acres of corn:1 tobacco:1 potato:1
Are there crop predators? false
Are there animal predators? false

 Farm 2
This is an Crop Farm
Currency is currently $91
This farms current level is 1
An upgrade currently cost $1200
There are currently 7 farmers
The maximum farmer capacity is 10
The crop skill level of this farm is 3
The money skill level of this farm is 4
This farm has existed for 2 days

This is a Crop Barn, it has crops
acres of corn:2 tobacco:2 potato:4
Are there crop predators? false

 Farm 3
This is an Animal Farm
Currency is currently $98
This farms current level is 1
An upgrade currently cost $1200
There are currently 5 farmers
The maximum farmer capacity is 10
The herd skill level of this farm is 4
The money skill level of this farm is 2
This farm has existed for 2 days

This is a Hybrid Barn, it has crops and animals
Horse:5 cow:5 pig:5 chicken:10 dog:5
Are there animal predators? false

Night time has passed on day 1


 Farm 0
This is an Crop Farm
Currency is currently $212
This farms current level is 1
An upgrade currently cost $1200
There are currently 4 farmers
The maximum farmer capacity is 10
The crop skill level of this farm is 2
The money skill level of this farm is 4
This farm has existed for 2 days

This is a Crop Barn, it has crops
acres of corn:1 tobacco:1 potato:4
Are there crop predators? false

 Farm 1
This is a Hybrid Farm
Currency is currently $122
This farms current level is 1
An upgrade currently cost $1200
There are currently 8 farmers
The maximum farmer capacity is 10
The herd skill level of this farm is 1
The money skill level of this farm is 2
The crop skill level of this farm is 1
This farm has existed for 2 days

This is a Hybrid Barn, it has crops and animals
Horse:1 cow:1 pig:0 chicken:1 dog:7
acres of corn:1 tobacco:1 potato:1
Are there crop predators? false
Are there animal predators? false

 Farm 2
This is an Crop Farm
Currency is currently $223
This farms current level is 1
An upgrade currently cost $1200
There are currently 7 farmers
The maximum farmer capacity is 10
The crop skill level of this farm is 4
The money skill level of this farm is 5
This farm has existed for 2 days

This is a Crop Barn, it has crops
acres of corn:3 tobacco:2 potato:4
Are there crop predators? false

 Farm 3
This is an Animal Farm
Currency is currently $100
This farms current level is 1
An upgrade currently cost $1200
There are currently 5 farmers
The maximum farmer capacity is 10
The herd skill level of this farm is 5
The money skill level of this farm is 2
This farm has existed for 2 days

This is a Hybrid Barn, it has crops and animals
Horse:6 cow:5 pig:5 chicken:10 dog:5
Are there animal predators? false

Daytime has passed on day 2


 Farm 0
This is an Crop Farm
Currency is currently $212
This farms current level is 1
An upgrade currently cost $1200
There are currently 5 farmers
The maximum farmer capacity is 10
The crop skill level of this farm is 2
The money skill level of this farm is 5
This farm has existed for 3 days

This is a Crop Barn, it has crops
acres of corn:1 tobacco:1 potato:4
Are there crop predators? false

 Farm 1
This is a Hybrid Farm
Currency is currently $122
This farms current level is 1
An upgrade currently cost $1200
There are currently 8 farmers
The maximum farmer capacity is 10
The herd skill level of this farm is 2
The money skill level of this farm is 3
The crop skill level of this farm is 1
This farm has existed for 3 days

This is a Hybrid Barn, it has crops and animals
Horse:1 cow:1 pig:0 chicken:1 dog:7
acres of corn:1 tobacco:1 potato:1
Are there crop predators? false
Are there animal predators? false

 Farm 2
This is an Crop Farm
Currency is currently $223
This farms current level is 1
An upgrade currently cost $1200
There are currently 8 farmers
The maximum farmer capacity is 10
The crop skill level of this farm is 4
The money skill level of this farm is 5
This farm has existed for 3 days

This is a Crop Barn, it has crops
acres of corn:3 tobacco:2 potato:4
Are there crop predators? false

 Farm 3
This is an Animal Farm
Currency is currently $100
This farms current level is 1
An upgrade currently cost $1200
There are currently 5 farmers
The maximum farmer capacity is 10
The herd skill level of this farm is 5
The money skill level of this farm is 3
This farm has existed for 3 days

This is a Hybrid Barn, it has crops and animals
Horse:6 cow:5 pig:5 chicken:10 dog:5
Are there animal predators? false

Night time has passed on day 2


 Farm 0
This is an Crop Farm
Currency is currently $353
This farms current level is 1
An upgrade currently cost $1200
There are currently 5 farmers
The maximum farmer capacity is 10
The crop skill level of this farm is 3
The money skill level of this farm is 5
This farm has existed for 3 days

This is a Crop Barn, it has crops
acres of corn:1 tobacco:1 potato:5
Are there crop predators? false

 Farm 1
This is a Hybrid Farm
Currency is currently $204
This farms current level is 1
An upgrade currently cost $1200
There are currently 10 farmers
The maximum farmer capacity is 10
The herd skill level of this farm is 3
The money skill level of this farm is 4
The crop skill level of this farm is 1
This farm has existed for 3 days

This is a Hybrid Barn, it has crops and animals
Horse:1 cow:1 pig:0 chicken:1 dog:7
acres of corn:2 tobacco:1 potato:1
Are there crop predators? false
Are there animal predators? false

 Farm 2
This is an Crop Farm
Currency is currently $231
This farms current level is 1
An upgrade currently cost $1200
There are currently 8 farmers
The maximum farmer capacity is 10
The crop skill level of this farm is 5
The money skill level of this farm is 6
This farm has existed for 3 days

This is a Crop Barn, it has crops
acres of corn:3 tobacco:2 potato:5
Are there crop predators? false

 Farm 3
This is an Animal Farm
Currency is currently $126
This farms current level is 1
An upgrade currently cost $1200
There are currently 5 farmers
The maximum farmer capacity is 10
The herd skill level of this farm is 5
The money skill level of this farm is 4
This farm has existed for 3 days

This is a Hybrid Barn, it has crops and animals
Horse:6 cow:5 pig:5 chicken:15 dog:5
Are there animal predators? false

Daytime has passed on day 3


 Farm 0
This is an Crop Farm
Currency is currently $353
This farms current level is 1
An upgrade currently cost $1200
There are currently 7 farmers
The maximum farmer capacity is 10
The crop skill level of this farm is 3
The money skill level of this farm is 5
This farm has existed for 4 days

This is a Crop Barn, it has crops
acres of corn:1 tobacco:1 potato:5
Are there crop predators? false
Farm 1 Became full. Creating new farm

 Farm 1
This is a Hybrid Farm
Currency is currently $204
This farms current level is 1
An upgrade currently cost $1200
There are currently 10 farmers
The maximum farmer capacity is 10
The herd skill level of this farm is 3
The money skill level of this farm is 5
The crop skill level of this farm is 1
This farm has existed for 4 days

This is a Hybrid Barn, it has crops and animals
Horse:1 cow:1 pig:0 chicken:1 dog:7
acres of corn:2 tobacco:1 potato:1
Are there crop predators? false
Are there animal predators? false

 Farm 2
This is an Crop Farm
Currency is currently $231
This farms current level is 1
An upgrade currently cost $1200
There are currently 8 farmers
The maximum farmer capacity is 10
The crop skill level of this farm is 5
The money skill level of this farm is 7
This farm has existed for 4 days

This is a Crop Barn, it has crops
acres of corn:3 tobacco:2 potato:5
Are there crop predators? false

 Farm 3
This is an Animal Farm
Currency is currently $126
This farms current level is 1
An upgrade currently cost $1200
There are currently 6 farmers
The maximum farmer capacity is 10
The herd skill level of this farm is 5
The money skill level of this farm is 4
This farm has existed for 4 days

This is a Hybrid Barn, it has crops and animals
Horse:6 cow:5 pig:5 chicken:15 dog:5
Are there animal predators? false

 Farm 4
This is a Hybrid Farm
Currency is currently $196
This farms current level is 1
An upgrade currently cost $1200
There are currently 3 farmers
The maximum farmer capacity is 10
The herd skill level of this farm is 2
The money skill level of this farm is 1
The crop skill level of this farm is 1
This farm has existed for 0 days

This is a Hybrid Barn, it has crops and animals
Horse:1 cow:2 pig:1 chicken:1 dog:1
acres of corn:1 tobacco:1 potato:1
Are there crop predators? false
Are there animal predators? false

Night time has passed on day 3


 Farm 0
This is an Crop Farm
Currency is currently $250
This farms current level is 1
An upgrade currently cost $1200
There are currently 9 farmers
The maximum farmer capacity is 10
The crop skill level of this farm is 4
The money skill level of this farm is 5
This farm has existed for 4 days

This is a Crop Barn, it has crops
acres of corn:1 tobacco:1 potato:6
Are there crop predators? false
Farm 1 Became full. Creating new farm

 Farm 1
This is a Hybrid Farm
Currency is currently $213
This farms current level is 1
An upgrade currently cost $1200
There are currently 10 farmers
The maximum farmer capacity is 10
The herd skill level of this farm is 4
The money skill level of this farm is 5
The crop skill level of this farm is 1
This farm has existed for 4 days

This is a Hybrid Barn, it has crops and animals
Horse:2 cow:1 pig:0 chicken:1 dog:7
acres of corn:2 tobacco:1 potato:1
Are there crop predators? false
Are there animal predators? false

 Farm 2
This is an Crop Farm
Currency is currently $318
This farms current level is 1
An upgrade currently cost $1200
There are currently 8 farmers
The maximum farmer capacity is 10
The crop skill level of this farm is 6
The money skill level of this farm is 7
This farm has existed for 4 days

This is a Crop Barn, it has crops
acres of corn:3 tobacco:3 potato:5
Are there crop predators? false

 Farm 3
This is an Animal Farm
Currency is currently $164
This farms current level is 1
An upgrade currently cost $1200
There are currently 8 farmers
The maximum farmer capacity is 10
The herd skill level of this farm is 5
The money skill level of this farm is 4
This farm has existed for 4 days

This is a Hybrid Barn, it has crops and animals
Horse:11 cow:10 pig:10 chicken:20 dog:10
Are there animal predators? false

 Farm 4
This is a Hybrid Farm
Currency is currently $196
This farms current level is 1
An upgrade currently cost $1200
There are currently 5 farmers
The maximum farmer capacity is 10
The herd skill level of this farm is 3
The money skill level of this farm is 2
The crop skill level of this farm is 1
This farm has existed for 1 days

This is a Hybrid Barn, it has crops and animals
Horse:1 cow:2 pig:1 chicken:1 dog:1
acres of corn:1 tobacco:1 potato:1
Are there crop predators? false
Are there animal predators? false

 Farm 5
This is an Animal Farm
Currency is currently $26
This farms current level is 1
An upgrade currently cost $1200
There are currently 1 farmers
The maximum farmer capacity is 10
The herd skill level of this farm is 2
The money skill level of this farm is 1
This farm has existed for 0 days

This is a Hybrid Barn, it has crops and animals
Horse:1 cow:1 pig:1 chicken:1 dog:1
Are there animal predators? false

Daytime has passed on day 4


 Farm 0
This is an Crop Farm
Currency is currently $250
This farms current level is 1
An upgrade currently cost $1200
There are currently 9 farmers
The maximum farmer capacity is 10
The crop skill level of this farm is 4
The money skill level of this farm is 5
This farm has existed for 5 days

This is a Crop Barn, it has crops
acres of corn:1 tobacco:1 potato:6
Are there crop predators? false

 Farm 1
This is a Hybrid Farm
Currency is currently $213
This farms current level is 1
An upgrade currently cost $1200
There are currently 10 farmers
The maximum farmer capacity is 10
The herd skill level of this farm is 4
The money skill level of this farm is 6
The crop skill level of this farm is 1
This farm has existed for 5 days

This is a Hybrid Barn, it has crops and animals
Horse:2 cow:1 pig:0 chicken:1 dog:7
acres of corn:2 tobacco:1 potato:1
Are there crop predators? false
Are there animal predators? false

 Farm 2
This is an Crop Farm
Currency is currently $318
This farms current level is 1
An upgrade currently cost $1200
There are currently 10 farmers
The maximum farmer capacity is 10
The crop skill level of this farm is 7
The money skill level of this farm is 8
This farm has existed for 5 days

This is a Crop Barn, it has crops
acres of corn:3 tobacco:3 potato:5
Are there crop predators? false

 Farm 3
This is an Animal Farm
Currency is currently $164
This farms current level is 1
An upgrade currently cost $1200
There are currently 9 farmers
The maximum farmer capacity is 10
The herd skill level of this farm is 5
The money skill level of this farm is 5
This farm has existed for 5 days

This is a Hybrid Barn, it has crops and animals
Horse:11 cow:10 pig:10 chicken:20 dog:10
Are there animal predators? false

 Farm 4
This is a Hybrid Farm
Currency is currently $137
This farms current level is 1
An upgrade currently cost $1200
There are currently 6 farmers
The maximum farmer capacity is 10
The herd skill level of this farm is 3
The money skill level of this farm is 3
The crop skill level of this farm is 1
This farm has existed for 1 days

This is a Hybrid Barn, it has crops and animals
Horse:1 cow:2 pig:1 chicken:1 dog:1
acres of corn:1 tobacco:1 potato:2
Are there crop predators? false
Are there animal predators? false

 Farm 5
This is an Animal Farm
Currency is currently $26
This farms current level is 1
An upgrade currently cost $1200
There are currently 1 farmers
The maximum farmer capacity is 10
The herd skill level of this farm is 3
The money skill level of this farm is 1
This farm has existed for 1 days

This is a Hybrid Barn, it has crops and animals
Horse:1 cow:1 pig:1 chicken:1 dog:1
Are there animal predators? false

Night time has passed on day 4

]]></system-out>
  <system-err><![CDATA[]]></system-err>
</testsuite>
